<?xml version="1.0" encoding="UTF-8"?>
<coverage generated="1675551574356" clover="3.2.0">
  <project timestamp="1675551574356" name="All files">
    <metrics statements="5" coveredstatements="5" conditionals="0" coveredconditionals="0" methods="0" coveredmethods="0" elements="5" coveredelements="5" complexity="0" loc="5" ncloc="5" packages="1" files="1" classes="1"/>
    <file name="schema.ts" path="/home/nate-wilkins/projects/schema-lanyard-discord-presence/src/schema.ts">
      <metrics statements="5" coveredstatements="5" conditionals="0" coveredconditionals="0" methods="0" coveredmethods="0"/>
      <line num="1" count="1" type="stmt"/>
      <line num="3" count="1" type="stmt"/>
      <line num="17" count="1" type="stmt"/>
      <line num="35" count="1" type="stmt"/>
      <line num="110" count="1" type="stmt"/>
    </file>
  </project>
</coverage>
