{"/home/nate-wilkins/projects/schema-lanyard-discord-presence/src/schema.ts": {"path":"/home/nate-wilkins/projects/schema-lanyard-discord-presence/src/schema.ts","statementMap":{"0":{"start":{"line":1,"column":0},"end":{"line":1,"column":27}},"1":{"start":{"line":3,"column":34},"end":{"line":15,"column":11}},"2":{"start":{"line":17,"column":44},"end":{"line":33,"column":11}},"3":{"start":{"line":35,"column":38},"end":{"line":108,"column":11}},"4":{"start":{"line":110,"column":13},"end":{"line":132,"column":12}}},"fnMap":{},"branchMap":{},"s":{"0":1,"1":1,"2":1,"3":1,"4":1},"f":{},"b":{}}
}
